Using pre-set license
Built from '2022.3/staging' branch; Version is '2022.3.14f1 (eff2de9070d8) revision 15725278'; Using compiler version '192829333'; Build Type 'Release'
OS: 'Windows 10  (10.0.19045) 64bit Professional' Language: 'uk' Physical Memory: 7541 MB
BatchMode: 1, IsHumanControllingUs: 0, StartBugReporterOnCrash: 0, Is64bit: 1, IsPro: 1

COMMAND LINE ARGUMENTS:
D:\2022.3.14f1\Editor\Unity.exe
-adb2
-batchMode
-noUpm
-name
AssetImportWorker3
-projectPath
D:/UnityProjects/TEST_TASK
-logFile
Logs/AssetImportWorker3.log
-srvPort
52302
Successfully changed project path to: D:/UnityProjects/TEST_TASK
D:/UnityProjects/TEST_TASK
[UnityMemory] Configuration Parameters - Can be set up in boot.config
    "memorysetup-bucket-allocator-granularity=16"
    "memorysetup-bucket-allocator-bucket-count=8"
    "memorysetup-bucket-allocator-block-size=33554432"
    "memorysetup-bucket-allocator-block-count=8"
    "memorysetup-main-allocator-block-size=16777216"
    "memorysetup-thread-allocator-block-size=16777216"
    "memorysetup-gfx-main-allocator-block-size=16777216"
    "memorysetup-gfx-thread-allocator-block-size=16777216"
    "memorysetup-cache-allocator-block-size=4194304"
    "memorysetup-typetree-allocator-block-size=2097152"
    "memorysetup-profiler-bucket-allocator-granularity=16"
    "memorysetup-profiler-bucket-allocator-bucket-count=8"
    "memorysetup-profiler-bucket-allocator-block-size=33554432"
    "memorysetup-profiler-bucket-allocator-block-count=8"
    "memorysetup-profiler-allocator-block-size=16777216"
    "memorysetup-profiler-editor-allocator-block-size=1048576"
    "memorysetup-temp-allocator-size-main=16777216"
    "memorysetup-job-temp-allocator-block-size=2097152"
    "memorysetup-job-temp-allocator-block-size-background=1048576"
    "memorysetup-job-temp-allocator-reduction-small-platforms=262144"
    "memorysetup-allocator-temp-initial-block-size-main=262144"
    "memorysetup-allocator-temp-initial-block-size-worker=262144"
    "memorysetup-temp-allocator-size-background-worker=32768"
    "memorysetup-temp-allocator-size-job-worker=262144"
    "memorysetup-temp-allocator-size-preload-manager=33554432"
    "memorysetup-temp-allocator-size-nav-mesh-worker=65536"
    "memorysetup-temp-allocator-size-audio-worker=65536"
    "memorysetup-temp-allocator-size-cloud-worker=32768"
    "memorysetup-temp-allocator-size-gi-baking-worker=262144"
    "memorysetup-temp-allocator-size-gfx=262144"
Player connection [20728] Host "[IP] 192.168.0.181 [Port] 0 [Flags] 2 [Guid] 4034119122 [EditorId] 4034119122 [Version] 1048832 [Id] WindowsEditor(7,DESKTOP-QNQCNJ8) [Debug] 1 [PackageName] WindowsEditor [ProjectName] Editor" joined multi-casting on [225.0.0.222:54997]...

Player connection [20728] Host "[IP] 192.168.0.181 [Port] 0 [Flags] 2 [Guid] 4034119122 [EditorId] 4034119122 [Version] 1048832 [Id] WindowsEditor(7,DESKTOP-QNQCNJ8) [Debug] 1 [PackageName] WindowsEditor [ProjectName] Editor" joined alternative multi-casting on [225.0.0.222:34997]...

[Physics::Module] Initialized MultithreadedJobDispatcher with 11 workers.
Refreshing native plugins compatible for Editor in 7.88 ms, found 4 plugins.
Preloading 0 native plugins for Editor in 0.00 ms.
Initialize engine version: 2022.3.14f1 (eff2de9070d8)
[Subsystems] Discovering subsystems at path D:/2022.3.14f1/Editor/Data/Resources/UnitySubsystems
[Subsystems] Discovering subsystems at path D:/UnityProjects/TEST_TASK/Assets
GfxDevice: creating device client; threaded=0; jobified=0
Direct3D:
    Version:  Direct3D 11.0 [level 11.1]
    Renderer: NVIDIA GeForce GTX 1650 Ti (ID=0x1f95)
    Vendor:   NVIDIA
    VRAM:     3949 MB
    Driver:   31.0.15.3713
Initialize mono
Mono path[0] = 'D:/2022.3.14f1/Editor/Data/Managed'
Mono path[1] = 'D:/2022.3.14f1/Editor/Data/MonoBleedingEdge/lib/mono/unityjit-win32'
Mono config path = 'D:/2022.3.14f1/Editor/Data/MonoBleedingEdge/etc'
Using monoOptions --debugger-agent=transport=dt_socket,embedding=1,server=y,suspend=n,address=127.0.0.1:56568
Begin MonoManager ReloadAssembly
Registering precompiled unity dll's ...
Register platform support module: D:/2022.3.14f1/Editor/Data/PlaybackEngines/WindowsStandaloneSupport/UnityEditor.WindowsStandalone.Extensions.dll
Registered in 0.004790 seconds.
- Loaded All Assemblies, in  0.400 seconds
Native extension for WindowsStandalone target not found
Mono: successfully reloaded assembly
- Finished resetting the current domain, in  0.345 seconds
Domain Reload Profiling: 746ms
	BeginReloadAssembly (119ms)
		ExecutionOrderSort (0ms)
		DisableScriptedObjects (0ms)
		BackupInstance (0ms)
		ReleaseScriptingObjects (0ms)
		CreateAndSetChildDomain (1ms)
	RebuildCommonClasses (44ms)
	RebuildNativeTypeToScriptingClass (14ms)
	initialDomainReloadingComplete (61ms)
	LoadAllAssembliesAndSetupDomain (161ms)
		LoadAssemblies (118ms)
		RebuildTransferFunctionScriptingTraits (0ms)
		AnalyzeDomain (159ms)
			TypeCache.Refresh (158ms)
				TypeCache.ScanAssembly (141ms)
			ScanForSourceGeneratedMonoScriptInfo (0ms)
			ResolveRequiredComponents (1ms)
	FinalizeReload (346ms)
		ReleaseScriptCaches (0ms)
		RebuildScriptCaches (0ms)
		SetupLoadedEditorAssemblies (275ms)
			LogAssemblyErrors (0ms)
			InitializePlatformSupportModulesInManaged (9ms)
			SetLoadedEditorAssemblies (10ms)
			RefreshPlugins (0ms)
			BeforeProcessingInitializeOnLoad (3ms)
			ProcessInitializeOnLoadAttributes (181ms)
			ProcessInitializeOnLoadMethodAttributes (72ms)
			AfterProcessingInitializeOnLoad (0ms)
			EditorAssembliesLoaded (0ms)
		ExecutionOrderSort2 (0ms)
		AwakeInstancesAfterBackupRestoration (0ms)
========================================================================
Worker process is ready to serve import requests
Begin MonoManager ReloadAssembly
- Loaded All Assemblies, in  0.731 seconds
Refreshing native plugins compatible for Editor in 2.75 ms, found 4 plugins.
Native extension for WindowsStandalone target not found
Package Manager log level set to [2]
[Package Manager] Server::EnsureServerProcessIsRunning -- launch failed, reason: Unity was launched with the -noUpm command-line argument
[Package Manager] UpmClient::Send -- Unable to send message (not connected to UPM process).
[Package Manager] Cannot connect to Unity Package Manager local server
Mono: successfully reloaded assembly
- Finished resetting the current domain, in  0.922 seconds
Domain Reload Profiling: 1653ms
	BeginReloadAssembly (168ms)
		ExecutionOrderSort (0ms)
		DisableScriptedObjects (7ms)
		BackupInstance (0ms)
		ReleaseScriptingObjects (0ms)
		CreateAndSetChildDomain (26ms)
	RebuildCommonClasses (46ms)
	RebuildNativeTypeToScriptingClass (12ms)
	initialDomainReloadingComplete (46ms)
	LoadAllAssembliesAndSetupDomain (459ms)
		LoadAssemblies (323ms)
		RebuildTransferFunctionScriptingTraits (0ms)
		AnalyzeDomain (226ms)
			TypeCache.Refresh (189ms)
				TypeCache.ScanAssembly (171ms)
			ScanForSourceGeneratedMonoScriptInfo (30ms)
			ResolveRequiredComponents (6ms)
	FinalizeReload (922ms)
		ReleaseScriptCaches (0ms)
		RebuildScriptCaches (0ms)
		SetupLoadedEditorAssemblies (719ms)
			LogAssemblyErrors (0ms)
			InitializePlatformSupportModulesInManaged (5ms)
			SetLoadedEditorAssemblies (4ms)
			RefreshPlugins (0ms)
			BeforeProcessingInitializeOnLoad (82ms)
			ProcessInitializeOnLoadAttributes (576ms)
			ProcessInitializeOnLoadMethodAttributes (49ms)
			AfterProcessingInitializeOnLoad (2ms)
			EditorAssembliesLoaded (0ms)
		ExecutionOrderSort2 (0ms)
		AwakeInstancesAfterBackupRestoration (10ms)
Launched and connected shader compiler UnityShaderCompiler.exe after 0.06 seconds
Refreshing native plugins compatible for Editor in 3.17 ms, found 4 plugins.
Preloading 0 native plugins for Editor in 0.00 ms.
Unloading 4417 Unused Serialized files (Serialized files now loaded: 0)
Unloading 76 unused Assets / (200.0 KB). Loaded Objects now: 4876.
Memory consumption went from 157.0 MB to 156.8 MB.
Total: 4.521200 ms (FindLiveObjects: 0.442200 ms CreateObjectMapping: 0.282300 ms MarkObjects: 3.567700 ms  DeleteObjects: 0.227900 ms)

AssetImportParameters requested are different than current active one (requested -> active):
  custom:container-demuxer-ogg: 62fdf1f143b41e24485cea50d1cbac27 -> 
  custom:video-decoder-ogg-theora: a1e56fd34408186e4bbccfd4996cb3dc -> 
  custom:framework-win-MediaFoundation: 216162199b28c13a410421893ffa2e32 -> 
  custom:CustomObjectIndexerAttribute: 756ad292c208cfabdd7b50bc23989ffe -> 
  custom:container-demuxer-webm: 4f35f7cbe854078d1ac9338744f61a02 -> 
  custom:container-muxer-webm: aa71ff27fc2769a1b78a27578f13a17b -> 
  custom:video-decoder-webm-vp8: 9c59270c3fd7afecdb556c50c9e8de78 -> 
  custom:SearchIndexIgnoredProperties: e643bd26f0fe6173181afceb89e7c659 -> 
  custom:AudioImporter_EditorPlatform: d09bf68614088b80899f8185d706f6e7 -> 
  custom:video-encoder-webm-vp8: eb34c28f22e8b96e1ab97ce403110664 -> 
  custom:audio-decoder-ogg-vorbis: bf7c407c2cedff20999df2af8eb42d56 -> 
  custom:audio-encoder-webm-vorbis: bf7c407c2cedff20999df2af8eb42d56 -> 
========================================================================
Received Import Request.
  Time since last request: 55892.627419 seconds.
  path: Assets/Graphics/Tiny Dungeon/Tilemap/tilemap_packed_65.asset
  artifactKey: Guid(4372d5b50595a784a9e2d500b0e7c35e) Importer(815301076,1909f56bfc062723c751e8b465ee728b)
Start importing Assets/Graphics/Tiny Dungeon/Tilemap/tilemap_packed_65.asset using Guid(4372d5b50595a784a9e2d500b0e7c35e) Importer(815301076,1909f56bfc062723c751e8b465ee728b)  -> (artifact id: 'd7452d61549b5e4935673ce74f6ca384') in 0.107809 seconds
Number of updated asset objects reloaded before import = 0
Number of asset objects unloaded after import = 3
========================================================================
Received Import Request.
  Time since last request: 0.000034 seconds.
  path: Assets/Graphics/Tiny Dungeon/Tilemap/tilemap_packed_82.asset
  artifactKey: Guid(a05bf5030451a1740b3ff7942d4aee90) Importer(815301076,1909f56bfc062723c751e8b465ee728b)
Start importing Assets/Graphics/Tiny Dungeon/Tilemap/tilemap_packed_82.asset using Guid(a05bf5030451a1740b3ff7942d4aee90) Importer(815301076,1909f56bfc062723c751e8b465ee728b)  -> (artifact id: 'aaceccac63bfc4a82db4160ba59afeff') in 0.014726 seconds
Number of updated asset objects reloaded before import = 0
Number of asset objects unloaded after import = 3
========================================================================
Received Import Request.
  Time since last request: 0.000035 seconds.
  path: Assets/Graphics/Tiny Dungeon/Tilemap/tilemap_packed_102.asset
  artifactKey: Guid(b12a19d2d3ae69b4881d91036bc1a617) Importer(815301076,1909f56bfc062723c751e8b465ee728b)
Start importing Assets/Graphics/Tiny Dungeon/Tilemap/tilemap_packed_102.asset using Guid(b12a19d2d3ae69b4881d91036bc1a617) Importer(815301076,1909f56bfc062723c751e8b465ee728b)  -> (artifact id: 'b6387fd7a4103bcfd6a3b5ae72ac4b52') in 0.017009 seconds
Number of updated asset objects reloaded before import = 0
Number of asset objects unloaded after import = 3
========================================================================
Received Import Request.
  Time since last request: 0.000025 seconds.
  path: Assets/Graphics/Tiny Dungeon/Tilemap/tilemap_packed_106.asset
  artifactKey: Guid(ea176b2b9ede93d43acabdfcad2ac39a) Importer(815301076,1909f56bfc062723c751e8b465ee728b)
Start importing Assets/Graphics/Tiny Dungeon/Tilemap/tilemap_packed_106.asset using Guid(ea176b2b9ede93d43acabdfcad2ac39a) Importer(815301076,1909f56bfc062723c751e8b465ee728b)  -> (artifact id: 'b275e1b703d49c0413da3e51e2e8575d') in 0.016244 seconds
Number of updated asset objects reloaded before import = 0
Number of asset objects unloaded after import = 3
========================================================================
Received Import Request.
  Time since last request: 0.000026 seconds.
  path: Assets/Graphics/Tiny Dungeon/Tilemap/tilemap_packed_99.asset
  artifactKey: Guid(af123b7bd13066f43abc89e976a3ebb6) Importer(815301076,1909f56bfc062723c751e8b465ee728b)
Start importing Assets/Graphics/Tiny Dungeon/Tilemap/tilemap_packed_99.asset using Guid(af123b7bd13066f43abc89e976a3ebb6) Importer(815301076,1909f56bfc062723c751e8b465ee728b)  -> (artifact id: 'cbad45af72249a0881215e8b249d37be') in 0.015357 seconds
Number of updated asset objects reloaded before import = 0
Number of asset objects unloaded after import = 3
========================================================================
Received Import Request.
  Time since last request: 0.000026 seconds.
  path: Assets/Graphics/Tiny Dungeon/Tilemap/tilemap_packed_69.asset
  artifactKey: Guid(cfb9cb05c3799ef49abf422ce5c4e617) Importer(815301076,1909f56bfc062723c751e8b465ee728b)
Start importing Assets/Graphics/Tiny Dungeon/Tilemap/tilemap_packed_69.asset using Guid(cfb9cb05c3799ef49abf422ce5c4e617) Importer(815301076,1909f56bfc062723c751e8b465ee728b)  -> (artifact id: 'f7bbd1e55acb02ae75f161f32d8d5b2f') in 0.017900 seconds
Number of updated asset objects reloaded before import = 0
Number of asset objects unloaded after import = 3
========================================================================
Received Import Request.
  Time since last request: 0.000031 seconds.
  path: Assets/Graphics/Tiny Dungeon/Tilemap/tilemap_packed_83.asset
  artifactKey: Guid(dcccc4d3c3d4fdb4cab82e9a26197031) Importer(815301076,1909f56bfc062723c751e8b465ee728b)
Start importing Assets/Graphics/Tiny Dungeon/Tilemap/tilemap_packed_83.asset using Guid(dcccc4d3c3d4fdb4cab82e9a26197031) Importer(815301076,1909f56bfc062723c751e8b465ee728b)  -> (artifact id: 'aea73aabfad97ec6e2360232b969a42a') in 0.015446 seconds
Number of updated asset objects reloaded before import = 0
Number of asset objects unloaded after import = 3
========================================================================
Received Import Request.
  Time since last request: 0.000029 seconds.
  path: Assets/Graphics/Tiny Dungeon/Tilemap/tilemap_packed_70.asset
  artifactKey: Guid(ae313db34cecb5d4db6ed35f75fcb61d) Importer(815301076,1909f56bfc062723c751e8b465ee728b)
Start importing Assets/Graphics/Tiny Dungeon/Tilemap/tilemap_packed_70.asset using Guid(ae313db34cecb5d4db6ed35f75fcb61d) Importer(815301076,1909f56bfc062723c751e8b465ee728b)  -> (artifact id: '6e56607646976bc3d89efd2dc38432c2') in 0.007587 seconds
Number of updated asset objects reloaded before import = 0
Number of asset objects unloaded after import = 3
========================================================================
Received Import Request.
  Time since last request: 0.000020 seconds.
  path: Assets/Graphics/Tiny Dungeon/Tilemap/tilemap_packed_77.asset
  artifactKey: Guid(69be379c5a805c04e9b11dd605a7a328) Importer(815301076,1909f56bfc062723c751e8b465ee728b)
Start importing Assets/Graphics/Tiny Dungeon/Tilemap/tilemap_packed_77.asset using Guid(69be379c5a805c04e9b11dd605a7a328) Importer(815301076,1909f56bfc062723c751e8b465ee728b)  -> (artifact id: '8a68cfaa94023f76bf5290febe1894d9') in 0.016348 seconds
Number of updated asset objects reloaded before import = 0
Number of asset objects unloaded after import = 3
========================================================================
Received Import Request.
  Time since last request: 0.000023 seconds.
  path: Assets/Graphics/Tiny Dungeon/Tilemap/tilemap_packed_86.asset
  artifactKey: Guid(2e899beb7f275fb4b9c759625ba5e92a) Importer(815301076,1909f56bfc062723c751e8b465ee728b)
Start importing Assets/Graphics/Tiny Dungeon/Tilemap/tilemap_packed_86.asset using Guid(2e899beb7f275fb4b9c759625ba5e92a) Importer(815301076,1909f56bfc062723c751e8b465ee728b)  -> (artifact id: 'f3f6e9d22e0a46c90e3991b83eb061be') in 0.016036 seconds
Number of updated asset objects reloaded before import = 0
Number of asset objects unloaded after import = 3
========================================================================
Received Import Request.
  Time since last request: 0.000021 seconds.
  path: Assets/Graphics/Tiny Dungeon/Tilemap/tilemap_packed_92.asset
  artifactKey: Guid(c6bac43ed830c7540aa9ea9897597e4c) Importer(815301076,1909f56bfc062723c751e8b465ee728b)
Start importing Assets/Graphics/Tiny Dungeon/Tilemap/tilemap_packed_92.asset using Guid(c6bac43ed830c7540aa9ea9897597e4c) Importer(815301076,1909f56bfc062723c751e8b465ee728b)  -> (artifact id: '4fd682c69f7b0ff778128cee03dda601') in 0.016996 seconds
Number of updated asset objects reloaded before import = 0
Number of asset objects unloaded after import = 3
========================================================================
Received Import Request.
  Time since last request: 0.000023 seconds.
  path: Assets/Graphics/Tiny Dungeon/Tilemap/tilemap_packed_88.asset
  artifactKey: Guid(2011ca20ecefb9e459455ea7f5abd80e) Importer(815301076,1909f56bfc062723c751e8b465ee728b)
Start importing Assets/Graphics/Tiny Dungeon/Tilemap/tilemap_packed_88.asset using Guid(2011ca20ecefb9e459455ea7f5abd80e) Importer(815301076,1909f56bfc062723c751e8b465ee728b)  -> (artifact id: 'c5842216f5c37b183b4c8c952df6c1db') in 0.015395 seconds
Number of updated asset objects reloaded before import = 0
Number of asset objects unloaded after import = 3
========================================================================
Received Import Request.
  Time since last request: 0.061857 seconds.
  path: Assets/Graphics/Tiny Dungeon/Tilemap/tilemap_packed_113.asset
  artifactKey: Guid(bdc763a728f542e4699cd5446ffe2b94) Importer(815301076,1909f56bfc062723c751e8b465ee728b)
Start importing Assets/Graphics/Tiny Dungeon/Tilemap/tilemap_packed_113.asset using Guid(bdc763a728f542e4699cd5446ffe2b94) Importer(815301076,1909f56bfc062723c751e8b465ee728b)  -> (artifact id: 'e0e25af33759431a05da532c7cd8b5a7') in 0.012073 seconds
Number of updated asset objects reloaded before import = 0
Number of asset objects unloaded after import = 3
========================================================================
Received Import Request.
  Time since last request: 0.000027 seconds.
  path: Assets/Graphics/Tiny Dungeon/Tilemap/tilemap_packed_119.asset
  artifactKey: Guid(c85d8b54017c3d34b8bdb5acef325d6e) Importer(815301076,1909f56bfc062723c751e8b465ee728b)
Start importing Assets/Graphics/Tiny Dungeon/Tilemap/tilemap_packed_119.asset using Guid(c85d8b54017c3d34b8bdb5acef325d6e) Importer(815301076,1909f56bfc062723c751e8b465ee728b)  -> (artifact id: '66332487882d8681e8cd6398b9aad661') in 0.012853 seconds
Number of updated asset objects reloaded before import = 0
Number of asset objects unloaded after import = 3
========================================================================
Received Import Request.
  Time since last request: 0.000022 seconds.
  path: Assets/Graphics/Tiny Dungeon/Tilemap/tilemap_packed_116.asset
  artifactKey: Guid(3027aeba44f5a2c4c95cb1c30e813560) Importer(815301076,1909f56bfc062723c751e8b465ee728b)
Start importing Assets/Graphics/Tiny Dungeon/Tilemap/tilemap_packed_116.asset using Guid(3027aeba44f5a2c4c95cb1c30e813560) Importer(815301076,1909f56bfc062723c751e8b465ee728b)  -> (artifact id: '575cb129ad94546acd692cabe94c1210') in 0.014103 seconds
Number of updated asset objects reloaded before import = 0
Number of asset objects unloaded after import = 3
========================================================================
Received Import Request.
  Time since last request: 0.000032 seconds.
  path: Assets/Graphics/Tiny Dungeon/Tilemap/tilemap_packed_128.asset
  artifactKey: Guid(f6293df156dc1f34388258308d9860cf) Importer(815301076,1909f56bfc062723c751e8b465ee728b)
Start importing Assets/Graphics/Tiny Dungeon/Tilemap/tilemap_packed_128.asset using Guid(f6293df156dc1f34388258308d9860cf) Importer(815301076,1909f56bfc062723c751e8b465ee728b)  -> (artifact id: 'f31d539256ac5b025e552775e88af277') in 0.015579 seconds
Number of updated asset objects reloaded before import = 0
Number of asset objects unloaded after import = 3
========================================================================
Received Import Request.
  Time since last request: 0.000022 seconds.
  path: Assets/Graphics/Tiny Dungeon/Tilemap/tilemap_packed_122.asset
  artifactKey: Guid(d5949982807fa40428dab0f29f6e979a) Importer(815301076,1909f56bfc062723c751e8b465ee728b)
Start importing Assets/Graphics/Tiny Dungeon/Tilemap/tilemap_packed_122.asset using Guid(d5949982807fa40428dab0f29f6e979a) Importer(815301076,1909f56bfc062723c751e8b465ee728b)  -> (artifact id: '314fff9a960f8f96d2159ce8b13382b7') in 0.014153 seconds
Number of updated asset objects reloaded before import = 0
Number of asset objects unloaded after import = 3
========================================================================
Received Import Request.
  Time since last request: 0.000028 seconds.
  path: Assets/Graphics/Tiny Dungeon/Tilemap/tilemap_packed_124.asset
  artifactKey: Guid(b6de58daadfa0834fb992ab1ddafc5c7) Importer(815301076,1909f56bfc062723c751e8b465ee728b)
Start importing Assets/Graphics/Tiny Dungeon/Tilemap/tilemap_packed_124.asset using Guid(b6de58daadfa0834fb992ab1ddafc5c7) Importer(815301076,1909f56bfc062723c751e8b465ee728b)  -> (artifact id: '3fcd98305b1bb8813e0caf966d292844') in 0.015325 seconds
Number of updated asset objects reloaded before import = 0
Number of asset objects unloaded after import = 3
========================================================================
Received Import Request.
  Time since last request: 0.000038 seconds.
  path: Assets/Graphics/Tiny Dungeon/Tilemap/tilemap_packed_118.asset
  artifactKey: Guid(78adf6579f3e55548b3248bb3ff6fd57) Importer(815301076,1909f56bfc062723c751e8b465ee728b)
Start importing Assets/Graphics/Tiny Dungeon/Tilemap/tilemap_packed_118.asset using Guid(78adf6579f3e55548b3248bb3ff6fd57) Importer(815301076,1909f56bfc062723c751e8b465ee728b)  -> (artifact id: 'f10fde4de032f4d35288f6b32de9ed31') in 0.015029 seconds
Number of updated asset objects reloaded before import = 0
Number of asset objects unloaded after import = 3
Editor requested this worker to shutdown with reason: Scaling down because of idle timeout
TcpMessagingSession - receive error: operation aborted. errorcode: 995, details: The I/O operation has been aborted because of either a thread exit or an application request.
AssetImportWorker is now disconnected from the server
Process exiting
Exiting without the bug reporter. Application will terminate with return code 0